glimmerhmm.c: In function 'int main(int, char**)':
glimmerhmm.c:128:42: warning: format '%d' expects argument of type 'int', but argument 3 has type 'long int' [-Wformat=]
     fprintf(stderr,"Done %d bp\n",proclen);
                                          ^
glimmerhmm.c: In function 'long int printexon(List*, int*, int*, int*, long int, long int, long int, int*, long int, FILE*, char*, int, int*)':
glimmerhmm.c:645:146: warning: format '%d' expects argument of type 'int', but argument 7 has type 'long int' [-Wformat=]
  fprintf(outf,"%4d %4d  +  Initial  %10ld %10ld  %7d\n",*geneno,*exonno,curexon->start+offset,curexon->stop+offset,curexon->stop-curexon->start+1);
                                                                                                                    ~~~~~~~~~~~~~~~~~~~~~~~~~~~~~~^
glimmerhmm.c:664:146: warning: format '%d' expects argument of type 'int', but argument 7 has type 'long int' [-Wformat=]
  fprintf(outf,"%4d %4d  +  Internal %10ld %10ld  %7d\n",*geneno,*exonno,curexon->start+offset,curexon->stop+offset,curexon->stop-curexon->start+1);
                                                                                                                    ~~~~~~~~~~~~~~~~~~~~~~~~~~~~~~^
glimmerhmm.c:683:148: warning: format '%d' expects argument of type 'int', but argument 7 has type 'long int' [-Wformat=]
  fprintf(outf,"%4d %4d  +  Terminal %10ld %10ld  %7d\n\n",*geneno,*exonno,curexon->start+offset,curexon->stop+offset,curexon->stop-curexon->start+1);
                                                                                                                      ~~~~~~~~~~~~~~~~~~~~~~~~~~~~~~^
glimmerhmm.c:703:148: warning: format '%d' expects argument of type 'int', but argument 7 has type 'long int' [-Wformat=]
  fprintf(outf,"%4d %4d  +  Single   %10ld %10ld  %7d\n\n",*geneno,*exonno,curexon->start+offset,curexon->stop+offset,curexon->stop-curexon->start+1);
                                                                                                                      ~~~~~~~~~~~~~~~~~~~~~~~~~~~~~~^
glimmerhmm.c:722:148: warning: format '%d' expects argument of type 'int', but argument 7 has type 'long int' [-Wformat=]
  fprintf(outf,"%4d %4d  -  Initial  %10ld %10ld  %7d\n\n",*geneno,*exonno,curexon->start+offset,curexon->stop+offset,curexon->stop-curexon->start+1);
                                                                                                                      ~~~~~~~~~~~~~~~~~~~~~~~~~~~~~~^
glimmerhmm.c:743:146: warning: format '%d' expects argument of type 'int', but argument 7 has type 'long int' [-Wformat=]
  fprintf(outf,"%4d %4d  -  Internal %10ld %10ld  %7d\n",*geneno,*exonno,curexon->start+offset,curexon->stop+offset,curexon->stop-curexon->start+1);
                                                                                                                    ~~~~~~~~~~~~~~~~~~~~~~~~~~~~~~^
glimmerhmm.c:763:146: warning: format '%d' expects argument of type 'int', but argument 7 has type 'long int' [-Wformat=]
  fprintf(outf,"%4d %4d  -  Terminal %10ld %10ld  %7d\n",*geneno,*exonno,curexon->start+offset,curexon->stop+offset,curexon->stop-curexon->start+1);
                                                                                                                    ~~~~~~~~~~~~~~~~~~~~~~~~~~~~~~^
glimmerhmm.c:781:148: warning: format '%d' expects argument of type 'int', but argument 7 has type 'long int' [-Wformat=]
  fprintf(outf,"%4d %4d  -  Single   %10ld %10ld  %7d\n\n",*geneno,*exonno,curexon->start+offset,curexon->stop+offset,curexon->stop-curexon->start+1);
                                                                                                                      ~~~~~~~~~~~~~~~~~~~~~~~~~~~~~~^
graph.c: In function 'Site** graph(char*, long int, char*, long int*, char*, long int, int, char*, int, int)':
graph.c:1051:63: warning: format '%d' expects argument of type 'int', but argument 3 has type 'long int' [-Wformat=]
  fprintf(stderr,"Memory allocation for coding %d failure.\n",i);
                                                               ^
graph.c:1062:63: warning: format '%d' expects argument of type 'int', but argument 3 has type 'long int' [-Wformat=]
  fprintf(stderr,"Memory allocation for coding %d failure.\n",i);
                                                               ^
graph.c:1089:65: warning: format '%d' expects argument of type 'int', but argument 3 has type 'long int' [-Wformat=]
    fprintf(stderr,"Memory allocation for coding %d failure.\n",i);
                                                                 ^
graph.c:1233:93: warning: format '%d' expects argument of type 'int*', but argument 4 has type 'long int*' [-Wformat=]
       sscanf(Line,"%s %d %d %*s %*d %*d %f %e %*s",File_Name,&begdom,&enddom,&bitscore,&eval);
                                                              ~~~~~~~                        ^
graph.c:1233:93: warning: format '%d' expects argument of type 'int*', but argument 5 has type 'long int*' [-Wformat=]
graph.c:1233:93: warning: format '%e' expects argument of type 'float*', but argument 7 has type 'double*' [-Wformat=]
graph.c:2085:63: warning: format '%d' expects argument of type 'int', but argument 3 has type 'long int' [-Wformat=]
  fprintf(stderr,"Memory allocation for coding %d failure.\n",i);
                                                               ^
tree_util_prob.c: In function 'tree_node* read_tree(char*)':
tree_util_prob.c:64:50: warning: ISO C++ forbids converting a string constant to 'char*' [-Wwrite-strings]
     error("Decision Tree file can not be opened.");
                                                  ^
tree_util_prob.c:67:42: warning: ISO C++ forbids converting a string constant to 'char*' [-Wwrite-strings]
     error("Decision tree invalid/absent.");
                                          ^
tree_util_prob.c:70:42: warning: ISO C++ forbids converting a string constant to 'char*' [-Wwrite-strings]
     error("Decision tree invalid/absent.");
                                          ^
tree_util_prob.c: In function 'tree_node* read_hp(FILE*)':
tree_util_prob.c:192:45: warning: ISO C++ forbids converting a string constant to 'char*' [-Wwrite-strings]
  error("Invalid/Absent hyperplane equation.");
                                             ^
tree_util_prob.c:196:51: warning: ISO C++ forbids converting a string constant to 'char*' [-Wwrite-strings]
      error("Read-Hp: Invalid hyperplane equation.");
                                                   ^
tree_util_prob.c:198:66: warning: ISO C++ forbids converting a string constant to 'char*' [-Wwrite-strings]
      error("Read_Hp: Invalid coefficient index in decision tree.");
                                                                  ^
util.c: In function 'int* ivector(int, int)':
util.c:84:60: warning: ISO C++ forbids converting a string constant to 'char*' [-Wwrite-strings]
   if (v==NULL) error("Ivector : Memory allocation failure.");
                                                            ^
util.c: In function 'float* vector(int, int)':
util.c:101:59: warning: ISO C++ forbids converting a string constant to 'char*' [-Wwrite-strings]
   if (v==NULL) error("Vector : Memory allocation failure.");
                                                           ^
util.c: In function 'double* dvector(int, int)':
util.c:118:60: warning: ISO C++ forbids converting a string constant to 'char*' [-Wwrite-strings]
   if (v==NULL) error("Dvector : Memory allocation failure.");
                                                            ^
